<?xml version="1.0" encoding="UTF-8"?>
<!-- Generated by org.testng.reporters.JUnitReportReporter -->
<testsuite hostname="DESKTOP-MBMFGHJ" failures="0" tests="9" name="almosafer.myTestCases" time="2.775" errors="0" timestamp="2024-06-28T16:33:45 EEST" skipped="0">
  <testcase classname="almosafer.myTestCases" name="TestTheLanguage" time="0.084"/>
  <testcase classname="almosafer.myTestCases" name="TestTheCurrencyIsSAR" time="0.068"/>
  <testcase classname="almosafer.myTestCases" name="TestContactNumber" time="0.040"/>
  <testcase classname="almosafer.myTestCases" name="checkQitafLogoIsDisplayed" time="0.077"/>
  <testcase classname="almosafer.myTestCases" name="checkHotelTabIsNotSelected" time="0.043"/>
  <testcase classname="almosafer.myTestCases" name="checkDepatureAndReturnDate" time="0.095"/>
  <testcase classname="almosafer.myTestCases" name="changeTheLanguageOfTheWebsiteRandomly" time="0.969"/>
  <testcase classname="almosafer.myTestCases" name="HotelSelection" time="1.132"/>
  <testcase classname="almosafer.myTestCases" name="selectNumberOfPeople" time="0.267"/>
</testsuite> <!-- almosafer.myTestCases -->
