<?xml version="1.0" encoding="UTF-8"?>
<!-- Generated by org.testng.reporters.JUnitReportReporter -->
<testsuite hostname="DESKTOP-MBMFGHJ" failures="0" tests="1" name="almosafer.myTestCases" time="0.023" errors="0" timestamp="2024-06-11T14:13:55 EEST" skipped="0">
  <testcase classname="almosafer.myTestCases" name="firstTest" time="0.023"/>
</testsuite> <!-- almosafer.myTestCases -->
