<?xml version="1.0" encoding="UTF-8"?>
<!-- Generated by org.testng.reporters.JUnitReportReporter -->
<testsuite hostname="DESKTOP-MBMFGHJ" failures="0" tests="11" name="almosafer.myTestCases" time="24.865" errors="0" timestamp="2024-07-09T15:01:27 EEST" skipped="0">
  <testcase classname="almosafer.myTestCases" name="CheckTheLanguage" time="0.086"/>
  <testcase classname="almosafer.myTestCases" name="CheckTheCurrencyIsSAR" time="0.089"/>
  <testcase classname="almosafer.myTestCases" name="CheckContactNumber" time="0.054"/>
  <testcase classname="almosafer.myTestCases" name="checkQitafLogoIsDisplayed" time="0.229"/>
  <testcase classname="almosafer.myTestCases" name="checkHotelTabIsNotSelected" time="0.967"/>
  <testcase classname="almosafer.myTestCases" name="checkDepatureAndReturnDate" time="0.238"/>
  <testcase classname="almosafer.myTestCases" name="changeTheLanguageOfTheWebsiteRandomly" time="0.799"/>
  <testcase classname="almosafer.myTestCases" name="HotelSelection" time="0.855"/>
  <testcase classname="almosafer.myTestCases" name="selectNumberOfPeople" time="6.382"/>
  <testcase classname="almosafer.myTestCases" name="checkThePageISFullyLoaded" time="11.964"/>
  <testcase classname="almosafer.myTestCases" name="sortItems" time="3.202"/>
</testsuite> <!-- almosafer.myTestCases -->
