<?xml version="1.0" encoding="UTF-8"?>
<!-- Generated by org.testng.reporters.JUnitReportReporter -->
<testsuite hostname="DESKTOP-MBMFGHJ" failures="0" tests="3" name="almosafer.myTestCases" time="0.402" errors="0" timestamp="2024-06-22T23:20:43 EEST" skipped="0">
  <testcase classname="almosafer.myTestCases" name="TestTheLanguage" time="0.205"/>
  <testcase classname="almosafer.myTestCases" name="TestContactNumber" time="0.101"/>
  <testcase classname="almosafer.myTestCases" name="TestTheCurrencyIsSAR" time="0.096"/>
</testsuite> <!-- almosafer.myTestCases -->
