<?xml version="1.0" encoding="UTF-8"?>
<!-- Generated by org.testng.reporters.JUnitReportReporter -->
<testsuite hostname="DESKTOP-MBMFGHJ" failures="0" tests="11" name="almosafer.myTestCases" time="24.840" errors="0" timestamp="2024-06-28T23:51:46 EEST" skipped="0">
  <testcase classname="almosafer.myTestCases" name="TestTheLanguage" time="0.048"/>
  <testcase classname="almosafer.myTestCases" name="TestTheCurrencyIsSAR" time="0.047"/>
  <testcase classname="almosafer.myTestCases" name="TestContactNumber" time="0.036"/>
  <testcase classname="almosafer.myTestCases" name="checkQitafLogoIsDisplayed" time="0.072"/>
  <testcase classname="almosafer.myTestCases" name="checkHotelTabIsNotSelected" time="0.143"/>
  <testcase classname="almosafer.myTestCases" name="checkDepatureAndReturnDate" time="0.058"/>
  <testcase classname="almosafer.myTestCases" name="changeTheLanguageOfTheWebsiteRandomly" time="0.711"/>
  <testcase classname="almosafer.myTestCases" name="HotelSelection" time="0.949"/>
  <testcase classname="almosafer.myTestCases" name="selectNumberOfPeople" time="4.606"/>
  <testcase classname="almosafer.myTestCases" name="checkThePageISFullyLoaded" time="15.568"/>
  <testcase classname="almosafer.myTestCases" name="sortItems" time="2.602"/>
</testsuite> <!-- almosafer.myTestCases -->
